<?xml version="1.0" encoding="UTF-8"?>
<testng-results ignored="0" total="1" passed="1" failed="0" skipped="0">
  <reporter-output>
  </reporter-output>
  <suite started-at="2021-06-07T10:27:39 IST" name="Default suite" finished-at="2021-06-07T10:28:01 IST" duration-ms="21206">
    <groups>
    </groups>
    <test started-at="2021-06-07T10:27:39 IST" name="Default test" finished-at="2021-06-07T10:28:01 IST" duration-ms="21206">
      <class name="pageTestCases.AddToCartTest">
        <test-method is-config="true" signature="intialise()[pri:0, instance:pageTestCases.AddToCartTest@79a13920]" started-at="2021-06-07T10:27:40 IST" name="intialise" finished-at="2021-06-07T10:27:49 IST" duration-ms="9626" status="PASS">
          <reporter-output>
          </reporter-output>
        </test-method> <!-- intialise -->
        <test-method signature="cartCountCapture()[pri:2, instance:pageTestCases.AddToCartTest@79a13920]" started-at="2021-06-07T10:27:50 IST" name="cartCountCapture" description="Verify Cart Count displayed" finished-at="2021-06-07T10:28:00 IST" duration-ms="10307" status="PASS">
          <reporter-output>
          </reporter-output>
        </test-method> <!-- cartCountCapture -->
        <test-method is-config="true" signature="closeBrowser()[pri:0, instance:pageTestCases.AddToCartTest@79a13920]" started-at="2021-06-07T10:28:00 IST" name="closeBrowser" finished-at="2021-06-07T10:28:01 IST" duration-ms="799" status="PASS">
          <reporter-output>
          </reporter-output>
        </test-method> <!-- closeBrowser -->
      </class> <!-- pageTestCases.AddToCartTest -->
    </test> <!-- Default test -->
  </suite> <!-- Default suite -->
</testng-results>
